Determining if the pthread_create exist failed with the following output:
Change Dir: /home/veins/src/artery/CMakeFiles/CMakeTmp

Run Build Command:"/usr/bin/make" "cmTC_93452/fast"
/usr/bin/make -f CMakeFiles/cmTC_93452.dir/build.make CMakeFiles/cmTC_93452.dir/build
make[1]: Entering directory '/home/veins/src/artery/CMakeFiles/CMakeTmp'
Building C object CMakeFiles/cmTC_93452.dir/CheckSymbolExists.c.o
/usr/lib/ccache/cc     -o CMakeFiles/cmTC_93452.dir/CheckSymbolExists.c.o   -c /home/veins/src/artery/CMakeFiles/CMakeTmp/CheckSymbolExists.c
Linking C executable cmTC_93452
/usr/bin/cmake -E cmake_link_script CMakeFiles/cmTC_93452.dir/link.txt --verbose=1
/usr/lib/ccache/cc       CMakeFiles/cmTC_93452.dir/CheckSymbolExists.c.o  -o cmTC_93452 -rdynamic 
CMakeFiles/cmTC_93452.dir/CheckSymbolExists.c.o: In function `main':
CheckSymbolExists.c:(.text+0x1b): undefined reference to `pthread_create'
collect2: error: ld returned 1 exit status
CMakeFiles/cmTC_93452.dir/build.make:97: recipe for target 'cmTC_93452' failed
make[1]: *** [cmTC_93452] Error 1
make[1]: Leaving directory '/home/veins/src/artery/CMakeFiles/CMakeTmp'
Makefile:126: recipe for target 'cmTC_93452/fast' failed
make: *** [cmTC_93452/fast] Error 2

File /home/veins/src/artery/CMakeFiles/CMakeTmp/CheckSymbolExists.c:
/* */
#include <pthread.h>

int main(int argc, char** argv)
{
  (void)argv;
#ifndef pthread_create
  return ((int*)(&pthread_create))[argc];
#else
  (void)argc;
  return 0;
#endif
}

Determining if the function pthread_create exists in the pthreads failed with the following output:
Change Dir: /home/veins/src/artery/CMakeFiles/CMakeTmp

Run Build Command:"/usr/bin/make" "cmTC_b8d03/fast"
/usr/bin/make -f CMakeFiles/cmTC_b8d03.dir/build.make CMakeFiles/cmTC_b8d03.dir/build
make[1]: Entering directory '/home/veins/src/artery/CMakeFiles/CMakeTmp'
Building C object CMakeFiles/cmTC_b8d03.dir/CheckFunctionExists.c.o
/usr/lib/ccache/cc    -DCHECK_FUNCTION_EXISTS=pthread_create   -o CMakeFiles/cmTC_b8d03.dir/CheckFunctionExists.c.o   -c /usr/share/cmake-3.7/Modules/CheckFunctionExists.c
Linking C executable cmTC_b8d03
/usr/bin/cmake -E cmake_link_script CMakeFiles/cmTC_b8d03.dir/link.txt --verbose=1
/usr/lib/ccache/cc   -DCHECK_FUNCTION_EXISTS=pthread_create    CMakeFiles/cmTC_b8d03.dir/CheckFunctionExists.c.o  -o cmTC_b8d03 -rdynamic -lpthreads 
/usr/bin/ld: cannot find -lpthreads
collect2: error: ld returned 1 exit status
CMakeFiles/cmTC_b8d03.dir/build.make:97: recipe for target 'cmTC_b8d03' failed
make[1]: *** [cmTC_b8d03] Error 1
make[1]: Leaving directory '/home/veins/src/artery/CMakeFiles/CMakeTmp'
Makefile:126: recipe for target 'cmTC_b8d03/fast' failed
make: *** [cmTC_b8d03/fast] Error 2


